Determining if the pthread_create exist failed with the following output:
Change Dir: /home/marc/Desktop/dir/Multi-Segment-File-Transfer/CMakeFiles/CMakeTmp

Run Build Command:"/usr/bin/make" "cmTC_4241f/fast"
/usr/bin/make -f CMakeFiles/cmTC_4241f.dir/build.make CMakeFiles/cmTC_4241f.dir/build
make[1]: Entering directory '/home/marc/Desktop/dir/Multi-Segment-File-Transfer/CMakeFiles/CMakeTmp'
Building C object CMakeFiles/cmTC_4241f.dir/CheckSymbolExists.c.o
/usr/bin/cc    -o CMakeFiles/cmTC_4241f.dir/CheckSymbolExists.c.o   -c /home/marc/Desktop/dir/Multi-Segment-File-Transfer/CMakeFiles/CMakeTmp/CheckSymbolExists.c
Linking C executable cmTC_4241f
/usr/local/bin/cmake -E cmake_link_script CMakeFiles/cmTC_4241f.dir/link.txt --verbose=1
/usr/bin/cc      CMakeFiles/cmTC_4241f.dir/CheckSymbolExists.c.o  -o cmTC_4241f 
CMakeFiles/cmTC_4241f.dir/CheckSymbolExists.c.o: In function `main':
CheckSymbolExists.c:(.text+0x16): undefined reference to `pthread_create'
collect2: error: ld returned 1 exit status
CMakeFiles/cmTC_4241f.dir/build.make:86: recipe for target 'cmTC_4241f' failed
make[1]: *** [cmTC_4241f] Error 1
make[1]: Leaving directory '/home/marc/Desktop/dir/Multi-Segment-File-Transfer/CMakeFiles/CMakeTmp'
Makefile:126: recipe for target 'cmTC_4241f/fast' failed
make: *** [cmTC_4241f/fast] Error 2

File /home/marc/Desktop/dir/Multi-Segment-File-Transfer/CMakeFiles/CMakeTmp/CheckSymbolExists.c:
/* */
#include <pthread.h>

int main(int argc, char** argv)
{
  (void)argv;
#ifndef pthread_create
  return ((int*)(&pthread_create))[argc];
#else
  (void)argc;
  return 0;
#endif
}

Determining if the function pthread_create exists in the pthreads failed with the following output:
Change Dir: /home/marc/Desktop/dir/Multi-Segment-File-Transfer/CMakeFiles/CMakeTmp

Run Build Command:"/usr/bin/make" "cmTC_83969/fast"
/usr/bin/make -f CMakeFiles/cmTC_83969.dir/build.make CMakeFiles/cmTC_83969.dir/build
make[1]: Entering directory '/home/marc/Desktop/dir/Multi-Segment-File-Transfer/CMakeFiles/CMakeTmp'
Building C object CMakeFiles/cmTC_83969.dir/CheckFunctionExists.c.o
/usr/bin/cc   -DCHECK_FUNCTION_EXISTS=pthread_create   -o CMakeFiles/cmTC_83969.dir/CheckFunctionExists.c.o   -c /usr/local/share/cmake-3.11/Modules/CheckFunctionExists.c
Linking C executable cmTC_83969
/usr/local/bin/cmake -E cmake_link_script CMakeFiles/cmTC_83969.dir/link.txt --verbose=1
/usr/bin/cc  -DCHECK_FUNCTION_EXISTS=pthread_create    CMakeFiles/cmTC_83969.dir/CheckFunctionExists.c.o  -o cmTC_83969 -lpthreads 
/usr/bin/ld: cannot find -lpthreads
collect2: error: ld returned 1 exit status
CMakeFiles/cmTC_83969.dir/build.make:86: recipe for target 'cmTC_83969' failed
make[1]: *** [cmTC_83969] Error 1
make[1]: Leaving directory '/home/marc/Desktop/dir/Multi-Segment-File-Transfer/CMakeFiles/CMakeTmp'
Makefile:126: recipe for target 'cmTC_83969/fast' failed
make: *** [cmTC_83969/fast] Error 2


